<?xml version="1.0" encoding="UTF-8"?>
<testng-results skipped="0" failed="0" ignored="0" total="1" passed="1">
  <reporter-output>
  </reporter-output>
  <suite name="Suite" duration-ms="10760" started-at="2017-04-27T12:54:09Z" finished-at="2017-04-27T12:54:20Z">
    <groups>
      <group name="sanity">
        <method signature="CreateAccount.createAccSubmit()[pri:0, instance:testCases.CreateAccount@60addb54]" name="createAccSubmit" class="testCases.CreateAccount"/>
      </group> <!-- sanity -->
    </groups>
    <test name="crome Test" duration-ms="10760" started-at="2017-04-27T12:54:09Z" finished-at="2017-04-27T12:54:20Z">
      <class name="testCases.CreateAccount">
        <test-method status="PASS" signature="beforeSuiteMethod()[pri:0, instance:testCases.CreateAccount@60addb54]" name="beforeSuiteMethod" is-config="true" duration-ms="819" started-at="2017-04-27T18:24:09Z" finished-at="2017-04-27T18:24:09Z">
          <reporter-output>
          </reporter-output>
        </test-method> <!-- beforeSuiteMethod -->
        <test-method status="PASS" signature="beforeTestMethod(java.lang.String)[pri:0, instance:testCases.CreateAccount@60addb54]" name="beforeTestMethod" is-config="true" duration-ms="1" started-at="2017-04-27T18:24:09Z" finished-at="2017-04-27T18:24:10Z">
          <params>
            <param index="0">
              <value>
                <![CDATA[chrome]]>
              </value>
            </param>
          </params>
          <reporter-output>
          </reporter-output>
        </test-method> <!-- beforeTestMethod -->
        <test-method status="PASS" signature="bforeSuite()[pri:0, instance:testCases.CreateAccount@60addb54]" name="bforeSuite" is-config="true" duration-ms="3890" started-at="2017-04-27T18:24:10Z" finished-at="2017-04-27T18:24:13Z">
          <reporter-output>
          </reporter-output>
        </test-method> <!-- bforeSuite -->
        <test-method status="PASS" signature="createAccSubmit()[pri:0, instance:testCases.CreateAccount@60addb54]" name="createAccSubmit" duration-ms="5785" started-at="2017-04-27T18:24:13Z" finished-at="2017-04-27T18:24:19Z">
          <reporter-output>
          </reporter-output>
        </test-method> <!-- createAccSubmit -->
        <test-method status="PASS" signature="AfterMethod()[pri:0, instance:testCases.CreateAccount@60addb54]" name="AfterMethod" is-config="true" duration-ms="1075" started-at="2017-04-27T18:24:19Z" finished-at="2017-04-27T18:24:20Z">
          <reporter-output>
          </reporter-output>
        </test-method> <!-- AfterMethod -->
        <test-method status="PASS" signature="afterSuiteMethod()[pri:0, instance:testCases.CreateAccount@60addb54]" name="afterSuiteMethod" is-config="true" duration-ms="48" started-at="2017-04-27T18:24:20Z" finished-at="2017-04-27T18:24:20Z">
          <reporter-output>
          </reporter-output>
        </test-method> <!-- afterSuiteMethod -->
      </class> <!-- testCases.CreateAccount -->
    </test> <!-- crome Test -->
  </suite> <!-- Suite -->
</testng-results>
